<?xml version="1.0" encoding="UTF-8"?>
<!-- Generated by org.testng.reporters.JUnitXMLReporter -->
<testsuite ignored="1" hostname="MSI" failures="2" tests="6" name="Test" time="7.814" errors="0" timestamp="2023-12-13T12:50:54 IST">
  <testcase classname="POM.LoginTest" name="@AfterMethod closeBrowser" time="0.001">
    <failure type="java.lang.NullPointerException" message="Cannot invoke &amp;quot;org.openqa.selenium.WebDriver.close()&amp;quot; because &amp;quot;this.driver&amp;quot; is null">
      <![CDATA[java.lang.NullPointerException: Cannot invoke "org.openqa.selenium.WebDriver.close()" because "this.driver" is null
at POM.LoginTest.closeBrowser(LoginTest.java:25)
at java.base/java.util.ArrayList.forEach(ArrayList.java:1511)
... Removed 30 stack frames]]>
    </failure>
  </testcase> <!-- @AfterMethod closeBrowser -->
  <testcase classname="POM.LoginTest" name="@BeforeMethod launchBrowser" time="0.0">
    <skipped/>
  </testcase> <!-- @BeforeMethod launchBrowser -->
  <testcase classname="POM.LoginTest" name="@AfterMethod closeBrowser" time="0.0">
    <skipped/>
  </testcase> <!-- @AfterMethod closeBrowser -->
  <testcase classname="POM.TestNgAnnotatios" name="test2" time="0.004"/>
  <testcase classname="POM.TestNgAnnotatios" name="test2" time="0.001"/>
  <testcase classname="POM.TestNgAnnotatios" name="test1" time="2.013">
    <failure type="org.testng.internal.thread.ThreadTimeoutException" message="Method POM.TestNgAnnotatios.test1() didn&amp;apos;t finish within the time-out 2000">
      <![CDATA[org.testng.internal.thread.ThreadTimeoutException: Method POM.TestNgAnnotatios.test1() didn't finish within the time-out 2000
at java.base@18.0.1.1/java.lang.Thread.sleep(Native Method)
at app//POM.TestNgAnnotatios.test1(TestNgAnnotatios.java:30)
at java.base@18.0.1.1/java.lang.invoke.LambdaForm$DMH/0x0000000800d04000.invokeVirtual(LambdaForm$DMH)
at java.base@18.0.1.1/java.lang.invoke.LambdaForm$MH/0x0000000800d04800.invoke(LambdaForm$MH)
at java.base@18.0.1.1/java.lang.invoke.Invokers$Holder.invokeExact_MT(Invokers$Holder)
at java.base@18.0.1.1/java.util.concurrent.FutureTask.run(FutureTask.java:264)
at java.base@18.0.1.1/java.util.concurrent.ThreadPoolExecutor.runWorker(ThreadPoolExecutor.java:1136)
at java.base@18.0.1.1/java.util.concurrent.ThreadPoolExecutor$Worker.run(ThreadPoolExecutor.java:635)
at java.base@18.0.1.1/java.lang.Thread.run(Thread.java:833)
... Removed 7 stack frames]]>
    </failure>
  </testcase> <!-- test1 -->
  <testcase classname="POM.TestNgAnnotatios" name="test4" time="0.0">
    <skipped/>
  </testcase> <!-- test4 -->
  <testcase classname="POM.LoginTest" name="loginWithOnlyEmail" time="0.449">
    <failure type="java.lang.NullPointerException" message="Cannot invoke &amp;quot;org.openqa.selenium.SearchContext.findElement(org.openqa.selenium.By)&amp;quot; because &amp;quot;this.searchContext&amp;quot; is null">
      <![CDATA[java.lang.NullPointerException: Cannot invoke "org.openqa.selenium.SearchContext.findElement(org.openqa.selenium.By)" because "this.searchContext" is null
at org.openqa.selenium.support.pagefactory.DefaultElementLocator.findElement(DefaultElementLocator.java:68)
at org.openqa.selenium.support.pagefactory.internal.LocatingElementHandler.invoke(LocatingElementHandler.java:38)
at jdk.proxy2/jdk.proxy2.$Proxy16.sendKeys(Unknown Source)
at POM.FacebookLoginPage.enterEmailId(FacebookLoginPage.java:24)
at POM.LoginTest.loginWithOnlyEmail(LoginTest.java:45)
at java.base/java.util.ArrayList.forEach(ArrayList.java:1511)
... Removed 25 stack frames]]>
    </failure>
  </testcase> <!-- loginWithOnlyEmail -->
  <testcase classname="POM.LoginTest" name="loginWithValidCredentials" time="0.0">
    <skipped/>
  </testcase> <!-- loginWithValidCredentials -->
  <testcase classname="POM.TestNgAnnotatios" name="test" time="0.0">
    <ignored/>
  </testcase> <!-- test -->
</testsuite> <!-- Test -->
